  edge.c
  edgelist.c
  face.c
  facelist.c
E:\code\dgp\gu\meshlib\lib\facelist.c(17,4): warning C4996: 'sscanf': This function or variable may be unsafe. Consider using sscanf_s instead. To disable deprecation, use _CRT_SECURE_NO_WARNINGS. See online help for details.
  halfedge.c
E:\code\dgp\gu\meshlib\lib\halfedge.c(502,14): warning C4101: “hf”: 未引用的局部变量
E:\code\dgp\gu\meshlib\lib\halfedge.c(503,14): warning C4101: “l”: 未引用的局部变量
E:\code\dgp\gu\meshlib\lib\halfedge.c(502,19): warning C4101: “tf”: 未引用的局部变量
  heapsort.c
  list.c
  loop.c
  solid.c
E:\code\dgp\gu\meshlib\lib\solid.c(40,18): warning C4996: 'fopen': This function or variable may be unsafe. Consider using fopen_s instead. To disable deprecation, use _CRT_SECURE_NO_WARNINGS. See online help for details.
E:\code\dgp\gu\meshlib\lib\solid.c(45,6): warning C4996: 'sscanf': This function or variable may be unsafe. Consider using sscanf_s instead. To disable deprecation, use _CRT_SECURE_NO_WARNINGS. See online help for details.
E:\code\dgp\gu\meshlib\lib\solid.c(48,6): warning C4996: 'sscanf': This function or variable may be unsafe. Consider using sscanf_s instead. To disable deprecation, use _CRT_SECURE_NO_WARNINGS. See online help for details.
E:\code\dgp\gu\meshlib\lib\solid.c(71,18): warning C4996: 'fopen': This function or variable may be unsafe. Consider using fopen_s instead. To disable deprecation, use _CRT_SECURE_NO_WARNINGS. See online help for details.
E:\code\dgp\gu\meshlib\lib\solid.c(76,6): warning C4996: 'sscanf': This function or variable may be unsafe. Consider using sscanf_s instead. To disable deprecation, use _CRT_SECURE_NO_WARNINGS. See online help for details.
E:\code\dgp\gu\meshlib\lib\solid.c(79,6): warning C4996: 'sscanf': This function or variable may be unsafe. Consider using sscanf_s instead. To disable deprecation, use _CRT_SECURE_NO_WARNINGS. See online help for details.
  vertex.c
  vertexlist.c
E:\code\dgp\gu\meshlib\lib\vertexlist.c(16,4): warning C4996: 'sscanf': This function or variable may be unsafe. Consider using sscanf_s instead. To disable deprecation, use _CRT_SECURE_NO_WARNINGS. See online help for details.
E:\code\dgp\gu\meshlib\lib\vertexlist.c(31,4): warning C4996: 'sscanf': This function or variable may be unsafe. Consider using sscanf_s instead. To disable deprecation, use _CRT_SECURE_NO_WARNINGS. See online help for details.
  arcball.c
  coords3.c
  draw.c
E:\code\dgp\gu\meshlib\viewer\draw.c(26,19): warning C4305: “函数”: 从“double”到“GLfloat”截断
E:\code\dgp\gu\meshlib\viewer\draw.c(27,15): warning C4305: “函数”: 从“double”到“GLfloat”截断
E:\code\dgp\gu\meshlib\viewer\draw.c(32,33): warning C4305: “函数”: 从“double”到“GLfloat”截断
E:\code\dgp\gu\meshlib\viewer\draw.c(32,43): warning C4305: “函数”: 从“double”到“GLfloat”截断
E:\code\dgp\gu\meshlib\viewer\draw.c(33,22): warning C4305: “函数”: 从“double”到“GLfloat”截断
E:\code\dgp\gu\meshlib\viewer\draw.c(38,32): warning C4305: “函数”: 从“double”到“GLfloat”截断
E:\code\dgp\gu\meshlib\viewer\draw.c(38,44): warning C4305: “函数”: 从“double”到“GLfloat”截断
E:\code\dgp\gu\meshlib\viewer\draw.c(39,22): warning C4305: “函数”: 从“double”到“GLfloat”截断
E:\code\dgp\gu\meshlib\viewer\draw.c(55,23): warning C4305: “函数”: 从“double”到“GLfloat”截断
E:\code\dgp\gu\meshlib\viewer\draw.c(60,24): warning C4305: “函数”: 从“double”到“GLfloat”截断
E:\code\dgp\gu\meshlib\viewer\draw.c(67,20): warning C4305: “函数”: 从“double”到“GLfloat”截断
E:\code\dgp\gu\meshlib\viewer\draw.c(74,21): warning C4305: “函数”: 从“double”到“GLfloat”截断
E:\code\dgp\gu\meshlib\viewer\draw.c(80,21): warning C4305: “函数”: 从“double”到“GLfloat”截断
E:\code\dgp\gu\meshlib\viewer\draw.c(81,16): warning C4305: “函数”: 从“double”到“GLfloat”截断
E:\code\dgp\gu\meshlib\viewer\draw.c(81,21): warning C4305: “函数”: 从“double”到“GLfloat”截断
E:\code\dgp\gu\meshlib\viewer\draw.c(81,26): warning C4305: “函数”: 从“double”到“GLfloat”截断
E:\code\dgp\gu\meshlib\viewer\draw.c(176,17): warning C4305: “函数”: 从“double”到“GLfloat”截断
E:\code\dgp\gu\meshlib\viewer\draw.c(176,20): warning C4305: “函数”: 从“double”到“GLfloat”截断
E:\code\dgp\gu\meshlib\viewer\draw.c(176,24): warning C4305: “函数”: 从“double”到“GLfloat”截断
E:\code\dgp\gu\meshlib\viewer\draw.c(190,21): warning C4244: “函数”: 从“int”转换到“GLfloat”，可能丢失数据
E:\code\dgp\gu\meshlib\viewer\draw.c(190,31): warning C4305: “函数”: 从“double”到“GLfloat”截断
E:\code\dgp\gu\meshlib\viewer\draw.c(191,21): warning C4244: “函数”: 从“int”转换到“GLfloat”，可能丢失数据
E:\code\dgp\gu\meshlib\viewer\draw.c(191,31): warning C4305: “函数”: 从“double”到“GLfloat”截断
E:\code\dgp\gu\meshlib\viewer\draw.c(195,26): warning C4305: “函数”: 从“double”到“GLfloat”截断
E:\code\dgp\gu\meshlib\viewer\draw.c(195,32): warning C4244: “函数”: 从“int”转换到“GLfloat”，可能丢失数据
E:\code\dgp\gu\meshlib\viewer\draw.c(196,26): warning C4305: “函数”: 从“double”到“GLfloat”截断
E:\code\dgp\gu\meshlib\viewer\draw.c(196,32): warning C4244: “函数”: 从“int”转换到“GLfloat”，可能丢失数据
  matrix4.c
  quat.c
  viewer.c
E:\code\dgp\gu\meshlib\lib\mesh.h(44,1): warning C4005: “DELETE”: 宏重定义
C:\Program Files (x86)\Windows Kits\10\Include\10.0.19041.0\um\winnt.h(8989): message : 参见“DELETE”的前一个定义
E:\code\dgp\gu\meshlib\viewer\viewer.c(60,51): warning C4305: “初始化”: 从“double”到“GLfloat”截断
E:\code\dgp\gu\meshlib\viewer\viewer.c(62,44): warning C4305: “初始化”: 从“double”到“GLfloat”截断
E:\code\dgp\gu\meshlib\viewer\viewer.c(65,37): warning C4305: “初始化”: 从“double”到“GLfloat”截断
E:\code\dgp\gu\meshlib\viewer\viewer.c(66,37): warning C4305: “初始化”: 从“double”到“GLfloat”截断
E:\code\dgp\gu\meshlib\viewer\viewer.c(109,36): warning C4244: “函数”: 从“double”转换到“GLfloat”，可能丢失数据
E:\code\dgp\gu\meshlib\viewer\viewer.c(110,22): warning C4244: “函数”: 从“double”转换到“GLfloat”，可能丢失数据
E:\code\dgp\gu\meshlib\viewer\viewer.c(111,22): warning C4244: “函数”: 从“double”转换到“GLfloat”，可能丢失数据
E:\code\dgp\gu\meshlib\viewer\viewer.c(147,19): warning C4244: “函数”: 从“double”转换到“GLfloat”，可能丢失数据
E:\code\dgp\gu\meshlib\viewer\viewer.c(148,5): warning C4244: “函数”: 从“double”转换到“GLfloat”，可能丢失数据
E:\code\dgp\gu\meshlib\viewer\viewer.c(149,5): warning C4244: “函数”: 从“double”转换到“GLfloat”，可能丢失数据
E:\code\dgp\gu\meshlib\viewer\viewer.c(194,29): warning C4244: “函数”: 从“double”转换到“GLfloat”，可能丢失数据
E:\code\dgp\gu\meshlib\viewer\viewer.c(195,15): warning C4244: “函数”: 从“double”转换到“GLfloat”，可能丢失数据
E:\code\dgp\gu\meshlib\viewer\viewer.c(196,15): warning C4244: “函数”: 从“double”转换到“GLfloat”，可能丢失数据
E:\code\dgp\gu\meshlib\viewer\viewer.c(198,29): warning C4244: “函数”: 从“double”转换到“GLfloat”，可能丢失数据
E:\code\dgp\gu\meshlib\viewer\viewer.c(199,15): warning C4244: “函数”: 从“double”转换到“GLfloat”，可能丢失数据
E:\code\dgp\gu\meshlib\viewer\viewer.c(200,15): warning C4244: “函数”: 从“double”转换到“GLfloat”，可能丢失数据
E:\code\dgp\gu\meshlib\viewer\viewer.c(213,24): warning C4244: “函数”: 从“double”转换到“GLfloat”，可能丢失数据
E:\code\dgp\gu\meshlib\viewer\viewer.c(214,17): warning C4244: “函数”: 从“double”转换到“GLfloat”，可能丢失数据
E:\code\dgp\gu\meshlib\viewer\viewer.c(215,17): warning C4244: “函数”: 从“double”转换到“GLfloat”，可能丢失数据
E:\code\dgp\gu\meshlib\viewer\viewer.c(217,24): warning C4244: “函数”: 从“double”转换到“GLfloat”，可能丢失数据
E:\code\dgp\gu\meshlib\viewer\viewer.c(218,17): warning C4244: “函数”: 从“double”转换到“GLfloat”，可能丢失数据
E:\code\dgp\gu\meshlib\viewer\viewer.c(219,17): warning C4244: “函数”: 从“double”转换到“GLfloat”，可能丢失数据
E:\code\dgp\gu\meshlib\viewer\viewer.c(245,18): warning C4305: “函数”: 从“double”到“GLfloat”截断
E:\code\dgp\gu\meshlib\viewer\viewer.c(254,30): warning C4244: “函数”: 从“double”转换到“GLfloat”，可能丢失数据
E:\code\dgp\gu\meshlib\viewer\viewer.c(255,23): warning C4244: “函数”: 从“double”转换到“GLfloat”，可能丢失数据
E:\code\dgp\gu\meshlib\viewer\viewer.c(256,23): warning C4244: “函数”: 从“double”转换到“GLfloat”，可能丢失数据
E:\code\dgp\gu\meshlib\viewer\viewer.c(258,30): warning C4244: “函数”: 从“double”转换到“GLfloat”，可能丢失数据
E:\code\dgp\gu\meshlib\viewer\viewer.c(259,23): warning C4244: “函数”: 从“double”转换到“GLfloat”，可能丢失数据
E:\code\dgp\gu\meshlib\viewer\viewer.c(260,23): warning C4244: “函数”: 从“double”转换到“GLfloat”，可能丢失数据
  正在生成代码
  Previous IPDB not found, fall back to full compilation.
  All 79 functions were compiled because no usable IPDB/IOBJ from previous compilation was found.
  已完成代码的生成
  MeshViewer.vcxproj -> E:\code\dgp\gu\meshlib\MeshViewer\x64\Release\MeshViewer.exe
