e:\code\dgp\gu\meshlib\meshviewer\meshviewer\x64\release\vc143.pdb
e:\code\dgp\gu\meshlib\meshviewer\meshviewer\x64\release\viewer.obj
e:\code\dgp\gu\meshlib\meshviewer\meshviewer\x64\release\quat.obj
e:\code\dgp\gu\meshlib\meshviewer\meshviewer\x64\release\matrix4.obj
e:\code\dgp\gu\meshlib\meshviewer\meshviewer\x64\release\draw.obj
e:\code\dgp\gu\meshlib\meshviewer\meshviewer\x64\release\coords3.obj
e:\code\dgp\gu\meshlib\meshviewer\meshviewer\x64\release\arcball.obj
e:\code\dgp\gu\meshlib\meshviewer\meshviewer\x64\release\vertexlist.obj
e:\code\dgp\gu\meshlib\meshviewer\meshviewer\x64\release\vertex.obj
e:\code\dgp\gu\meshlib\meshviewer\meshviewer\x64\release\solid.obj
e:\code\dgp\gu\meshlib\meshviewer\meshviewer\x64\release\loop.obj
e:\code\dgp\gu\meshlib\meshviewer\meshviewer\x64\release\list.obj
e:\code\dgp\gu\meshlib\meshviewer\meshviewer\x64\release\heapsort.obj
e:\code\dgp\gu\meshlib\meshviewer\meshviewer\x64\release\halfedge.obj
e:\code\dgp\gu\meshlib\meshviewer\meshviewer\x64\release\facelist.obj
e:\code\dgp\gu\meshlib\meshviewer\meshviewer\x64\release\face.obj
e:\code\dgp\gu\meshlib\meshviewer\meshviewer\x64\release\edgelist.obj
e:\code\dgp\gu\meshlib\meshviewer\meshviewer\x64\release\edge.obj
e:\code\dgp\gu\meshlib\meshviewer\meshviewer\x64\release\meshviewer.tlog\cl.command.1.tlog
e:\code\dgp\gu\meshlib\meshviewer\meshviewer\x64\release\meshviewer.tlog\cl.read.1.tlog
e:\code\dgp\gu\meshlib\meshviewer\meshviewer\x64\release\meshviewer.tlog\cl.write.1.tlog
e:\code\dgp\gu\meshlib\meshviewer\meshviewer\x64\release\meshviewer.tlog\link.command.1.tlog
e:\code\dgp\gu\meshlib\meshviewer\meshviewer\x64\release\meshviewer.tlog\link.read.1.tlog
e:\code\dgp\gu\meshlib\meshviewer\meshviewer\x64\release\meshviewer.tlog\link.write.1.tlog
